Arguments: 
  /Users/ims/.nvm/versions/node/v12.8.1/bin/node /usr/local/bin/yarn add @nger3/decorator

PATH: 
  /Users/ims/.nvm/versions/node/v12.8.1/bin:/Users/ims/bin:/usr/local/bin:/usr/local/bin:/usr/bin:/bin:/usr/sbin:/sbin:/usr/local/share/dotnet:~/.dotnet/tools:/Users/ims/.nvm/versions/node/v12.8.1/bin:/Users/ims/bin

Yarn version: 
  1.13.0

Node version: 
  12.8.1

Platform: 
  darwin x64

Trace: 
  Error: http://registry.npmjs.org/@nger3%2fdecorator: Not found
      at Request.params.callback [as _callback] (/usr/local/lib/node_modules/yarn/lib/cli.js:66255:18)
      at Request.self.callback (/usr/local/lib/node_modules/yarn/lib/cli.js:129397:22)
      at Request.emit (events.js:203:13)
      at Request.<anonymous> (/usr/local/lib/node_modules/yarn/lib/cli.js:130369:10)
      at Request.emit (events.js:203:13)
      at IncomingMessage.<anonymous> (/usr/local/lib/node_modules/yarn/lib/cli.js:130291:12)
      at Object.onceWrapper (events.js:291:20)
      at IncomingMessage.emit (events.js:208:15)
      at endReadableNT (_stream_readable.js:1168:12)
      at processTicksAndRejections (internal/process/task_queues.js:77:11)

npm manifest: 
  {
  	"name": "@nger/plian",
  	"version": "1.0.0",
  	"description": "> TODO: description",
  	"author": "imeepos <1037483576@qq.com>",
  	"homepage": "https://github.com/meepobrother/nger3#readme",
  	"license": "ISC",
  	"main": "lib/index.js",
  	"types": "lib/indx.d.ts",
  	"directories": {
  		"lib": "lib",
  		"test": "__tests__"
  	},
  	"files": [ "lib" ],
  	"publishConfig": {
          "registry": "http://registry.npmjs.org",
          "access": "public"
  	},
  	"repository": {
  		"type": "git",
  		"url": "git+https://github.com/meepobrother/nger3.git"
  	},
  	"scripts": {
  		"test": "echo \"Error: run tests from root\" && exit 1"
  	},
  	"bugs": {
  		"url": "https://github.com/meepobrother/nger3/issues"
  	}
  }

yarn manifest: 
  No manifest

Lockfile: 
  No lockfile
